
(gdb) bt
#0  0x00007f4144961151 in __pselect (nfds=nfds@entry=0x16, readfds=readfds@entry=0x7fff238fe0d0, writefds=0x7fff238fe150, exceptfds=exceptfds@entry=0x0, timeout=<optimized out>,
    timeout@entry=0x7fff238fe720, sigmask=sigmask@entry=0x0) at ../sysdeps/unix/sysv/linux/pselect.c:69
#1  0x00000000005d3c90 in xg_select (fds_lim=0x16, rfds=rfds@entry=0x7fff238fe8f0, wfds=wfds@entry=0x7fff238fe970, efds=efds@entry=0x0, timeout=timeout@entry=0x7fff238fe720, sigmask=sigmask@entry=0x0) at ./debian/build-src/src/xgselect.c:113
#2  0x000000000059b389 in wait_reading_process_output (time_limit=<optimized out>, nsecs=<optimized out>, read_kbd=read_kbd@entry=0xffffffff, do_display=do_display@entry=0x1, wait_for_cell=wait_for_cell@entry=0x0, wait_proc=wait_proc@entry=0x0, just_wait_proc=0x0) at ./debian/build-src/src/process.c:4831
#3  0x00000000004f35ad in kbd_buffer_get_event (end_time=0x7fff238ff130, used_mouse_menu=0x0, kbp=<synthetic pointer>) at ./debian/build-src/src/keyboard.c:3803
#4  0x00000000004f35ad in read_event_from_main_queue (used_mouse_menu=<optimized out>, local_getcjmp=<optimized out>, end_time=<optimized out>) at ./debian/build-src/src/keyboard.c:2153
#5  0x00000000004f35ad in read_decoded_event_from_main_queue (used_mouse_menu=<optimized out>, prev_event=<optimized out>, local_getcjmp=<optimized out>, end_time=<optimized out>)
    at ./debian/build-src/src/keyboard.c:2216
#6  0x00000000004f35ad in read_char (commandflag=commandflag@entry=0x0, map=map@entry=0x0, prev_event=prev_event@entry=0x0, used_mouse_menu=used_mouse_menu@entry=0x0, end_time=0x7fff238ff130)
    at ./debian/build-src/src/keyboard.c:2804
#7  0x000000000057bb08 in read_filtered_event (no_switch_frame=0x0, ascii_required=0x0, error_nonascii=0x0, input_method=<optimized out>, seconds=<optimized out>)
    at ./debian/build-src/src/lread.c:614
#8  0x000000000055bfc3 in Ffuncall (nargs=0x4, args=args@entry=0x7fff238ff250) at ./debian/build-src/src/eval.c:2706
#9  0x0000000000590853 in exec_byte_code (bytestr=<optimized out>, vector=<optimized out>, maxdepth=<optimized out>, args_template=<optimized out>, nargs=nargs@entry=0x1, args=<optimized out>,
    args@entry=0x8744bc <pure+126940>) at ./debian/build-src/src/bytecode.c:880
#10 0x000000000055e16c in funcall_lambda (fun=0x7fff238ff4a0, nargs=nargs@entry=0x1, arg_vector=0x8744bc <pure+126940>, arg_vector@entry=0x7fff238ff400) at ./debian/build-src/src/eval.c:2863
#11 0x000000000055be3b in Ffuncall (nargs=0x2, args=args@entry=0x7fff238ff3f8) at ./debian/build-src/src/eval.c:2760
#12 0x0000000000590853 in exec_byte_code (bytestr=<optimized out>, vector=<optimized out>, maxdepth=<optimized out>, args_template=args_template@entry=0x0, nargs=nargs@entry=0x0, args=<optimized out>, args@entry=0x0) at ./debian/build-src/src/bytecode.c:880
#13 0x000000000055e2ed in funcall_lambda (fun=0x1af207f5, nargs=nargs@entry=0x0, arg_vector=arg_vector@entry=0x7fff238ff630) at ./debian/build-src/src/eval.c:2929
#14 0x000000000055be3b in Ffuncall (nargs=0x1, args=args@entry=0x7fff238ff628) at ./debian/build-src/src/eval.c:2760
#15 0x0000000000590853 in exec_byte_code (bytestr=<optimized out>, vector=<optimized out>, maxdepth=<optimized out>, args_template=args_template@entry=0x0, nargs=nargs@entry=0x0, args=<optimized out>, args@entry=0x0) at ./debian/build-src/src/bytecode.c:880
#16 0x000000000055e2ed in funcall_lambda (fun=0x1af206c5, nargs=nargs@entry=0x0, arg_vector=arg_vector@entry=0x7fff238ff968) at ./debian/build-src/src/eval.c:2929
#17 0x000000000055be3b in Ffuncall (nargs=nargs@entry=0x1, args=args@entry=0x7fff238ff960) at ./debian/build-src/src/eval.c:2760
#18 0x000000000055d5fc in Fapply (nargs=0x2, args=0x7fff238ff960) at ./debian/build-src/src/eval.c:2280
#19 0x000000000055c063 in Ffuncall (nargs=0x3, args=args@entry=0x7fff238ff958) at ./debian/build-src/src/eval.c:2679
#20 0x0000000000590853 in exec_byte_code (bytestr=<optimized out>, vector=<optimized out>, maxdepth=<optimized out>, args_template=args_template@entry=0x0, nargs=nargs@entry=0x0, args=<optimized out>, args@entry=0x0) at ./debian/build-src/src/bytecode.c:880
#21 0x000000000055e2ed in funcall_lambda (fun=0x9a9f85, nargs=nargs@entry=0x1, arg_vector=arg_vector@entry=0x7fff238ffb88) at ./debian/build-src/src/eval.c:2929
#22 0x000000000055be3b in Ffuncall (nargs=nargs@entry=0x2, args=args@entry=0x7fff238ffb80) at ./debian/build-src/src/eval.c:2760
#23 0x000000000055c13a in call1 (fn=fn@entry=0xb130, arg1=arg1@entry=0xbec4fad) at ./debian/build-src/src/eval.c:2558
#24 0x00000000004eee6f in timer_check_2 (idle_timers=<optimized out>, timers=<optimized out>) at ./debian/build-src/src/keyboard.c:4432
#25 0x00000000004eee6f in timer_check () at ./debian/build-src/src/keyboard.c:4494
#26 0x00000000004ef1b9 in readable_events (flags=flags@entry=0x1) at ./debian/build-src/src/keyboard.c:3333
#27 0x00000000004f0058 in get_input_pending (flags=flags@entry=0x1) at ./debian/build-src/src/keyboard.c:6730
#28 0x00000000004f2778 in detect_input_pending_run_timers (do_display=do_display@entry=0x1) at ./debian/build-src/src/keyboard.c:9867
#29 0x000000000059bca5 in wait_reading_process_output (time_limit=time_limit@entry=0x34, nsecs=nsecs@entry=0x0, read_kbd=read_kbd@entry=0xffffffff, do_display=do_display@entry=0x1, wait_for_cell=wait_for_cell@entry=0x0, wait_proc=wait_proc@entry=0x0, just_wait_proc=0x0) at ./debian/build-src/src/process.c:4958
#30 0x000000000041f660 in sit_for (timeout=<optimized out>, reading=reading@entry=0x1, display_option=display_option@entry=0x1) at ./debian/build-src/src/dispnew.c:5762
#31 0x00000000004f4fa4 in read_char (commandflag=commandflag@entry=0x1, map=map@entry=0x73c4023, prev_event=0x0, used_mouse_menu=used_mouse_menu@entry=0x7fff2390089b, end_time=end_time@entry=0x0) at ./debian/build-src/src/keyboard.c:2719
#32 0x00000000004f5dd0 in read_key_sequence (keybuf=keybuf@entry=0x7fff23900990, prompt=prompt@entry=0x0, dont_downcase_last=dont_downcase_last@entry=0x0, can_return_switch_frame=can_return_switch_frame@entry=0x1, fix_current_buffer=fix_current_buffer@entry=0x1, prevent_redisplay=prevent_redisplay@entry=0x0, bufsize=0x1e) at ./debian/build-src/src/keyboard.c:9068
#33 0x00000000004f7854 in command_loop_1 () at ./debian/build-src/src/keyboard.c:1370
#34 0x000000000055b432 in internal_condition_case (bfun=bfun@entry=0x4f7630 <command_loop_1>, handlers=handlers@entry=0x4aa0, hfun=hfun@entry=0x4ee000 <cmd_error>)
    at ./debian/build-src/src/eval.c:1315
#35 0x00000000004e9314 in command_loop_2 (ignore=ignore@entry=0x0) at ./debian/build-src/src/keyboard.c:1112
#36 0x000000000055b3b1 in internal_catch (tag=tag@entry=0xb370, func=func@entry=0x4e92f0 <command_loop_2>, arg=arg@entry=0x0) at ./debian/build-src/src/eval.c:1080
#37 0x00000000004e92ab in command_loop () at ./debian/build-src/src/keyboard.c:1091
#38 0x00000000004edc17 in recursive_edit_1 () at ./debian/build-src/src/keyboard.c:697
#39 0x00000000004edf3a in Frecursive_edit () at ./debian/build-src/src/keyboard.c:768
#40 0x00000000004150a3 in main (argc=0x2, argv=0x7fff23900d18) at ./debian/build-src/src/emacs.c:1629
