(gdb) bt
#0  0x00007f4144961151 in __pselect (nfds=nfds@entry=0x16, readfds=readfds@entry=0x7fff238fd050, writefds=0x7fff238fd0d0, exceptfds=exceptfds@entry=0x0, timeout=<optimized out>, 
    timeout@entry=0x7fff238fd6a0, sigmask=sigmask@entry=0x0) at ../sysdeps/unix/sysv/linux/pselect.c:69
#1  0x00000000005d3c90 in xg_select (fds_lim=0x16, rfds=rfds@entry=0x7fff238fd870, wfds=wfds@entry=0x7fff238fd8f0, efds=efds@entry=0x0, timeout=timeout@entry=0x7fff238fd6a0, sigmask=sigmask@entry=0x0) at ./debian/build-src/src/xgselect.c:113
#2  0x000000000059b389 in wait_reading_process_output (time_limit=time_limit@entry=0x0, nsecs=nsecs@entry=0x0, read_kbd=read_kbd@entry=0xffffffff, do_display=0x1, wait_for_cell=wait_for_cell@entry=0x0, wait_proc=wait_proc@entry=0x0, just_wait_proc=0x0) at ./debian/build-src/src/process.c:4831
#3  0x00000000004f36ed in kbd_buffer_get_event (end_time=0x0, used_mouse_menu=0x7fff238fe13b, kbp=<synthetic pointer>) at ./debian/build-src/src/keyboard.c:3824
#4  0x00000000004f36ed in read_event_from_main_queue (used_mouse_menu=<optimized out>, local_getcjmp=<optimized out>, end_time=<optimized out>) at ./debian/build-src/src/keyboard.c:2153
#5  0x00000000004f36ed in read_decoded_event_from_main_queue (used_mouse_menu=<optimized out>, prev_event=<optimized out>, local_getcjmp=<optimized out>, end_time=<optimized out>)
    at ./debian/build-src/src/keyboard.c:2216
#6  0x00000000004f36ed in read_char (commandflag=commandflag@entry=0x1, map=map@entry=0xfd9d433, prev_event=0x0, used_mouse_menu=used_mouse_menu@entry=0x7fff238fe13b, end_time=end_time@entry=0x0) at ./debian/build-src/src/keyboard.c:2804
#7  0x00000000004f5dd0 in read_key_sequence (keybuf=keybuf@entry=0x7fff238fe230, prompt=prompt@entry=0x0, dont_downcase_last=dont_downcase_last@entry=0x0, can_return_switch_frame=can_return_switch_frame@entry=0x1, fix_current_buffer=fix_current_buffer@entry=0x1, prevent_redisplay=prevent_redisplay@entry=0x0, bufsize=0x1e) at ./debian/build-src/src/keyboard.c:9068
#8  0x00000000004f7854 in command_loop_1 () at ./debian/build-src/src/keyboard.c:1370
#9  0x000000000055b432 in internal_condition_case (bfun=bfun@entry=0x4f7630 <command_loop_1>, handlers=handlers@entry=0x4aa0, hfun=hfun@entry=0x4ee000 <cmd_error>)
    at ./debian/build-src/src/eval.c:1315
#10 0x00000000004e9314 in command_loop_2 (ignore=ignore@entry=0x0) at ./debian/build-src/src/keyboard.c:1112
#11 0x000000000055b3b1 in internal_catch (tag=tag@entry=0x4d70, func=func@entry=0x4e92f0 <command_loop_2>, arg=arg@entry=0x0) at ./debian/build-src/src/eval.c:1080
#12 0x00000000004e9265 in command_loop () at ./debian/build-src/src/keyboard.c:1083
#13 0x00000000004edc17 in recursive_edit_1 () at ./debian/build-src/src/keyboard.c:697
#14 0x00000000005166d1 in read_minibuf (map=map@entry=0x33d88f3, initial=<optimized out>, initial@entry=0x0, prompt=<optimized out>, 
    prompt@entry=0x3b2d9c4, expflag=<optimized out>, histvar=<optimized out>, histpos=<optimized out>, defalt=<optimized out>, allow_props=<optimized out>, inherit_input_method=<optimized out>)
    at ./debian/build-src/src/minibuf.c:660
#15 0x0000000000516e88 in Fread_from_minibuffer (prompt=0x3b2d9c4, initial_contents=0x0, keymap=0x33d88f3, read=0x0, hist=<optimized out>, default_value=0x3b2d9e4, inherit_input_method=0xae00)
    at ./debian/build-src/src/minibuf.c:940
#16 0x000000000055bff9 in Ffuncall (nargs=0x8, args=args@entry=0x7fff238fe658) at ./debian/build-src/src/eval.c:2732
#17 0x0000000000590853 in exec_byte_code (bytestr=<optimized out>, vector=<optimized out>, maxdepth=<optimized out>, args_template=<optimized out>, nargs=nargs@entry=0x7, args=<optimized out>, 
    args@entry=0x2d89304) at ./debian/build-src/src/bytecode.c:880
#18 0x000000000055e16c in funcall_lambda (fun=0x7fff238fe940, nargs=nargs@entry=0x7, arg_vector=0x2d89304, arg_vector@entry=0x7fff238fe878) at ./debian/build-src/src/eval.c:2863
#19 0x000000000055be3b in Ffuncall (nargs=0x8, args=args@entry=0x7fff238fe870) at ./debian/build-src/src/eval.c:2760
#20 0x0000000000590853 in exec_byte_code (bytestr=<optimized out>, vector=<optimized out>, maxdepth=<optimized out>, args_template=<optimized out>, nargs=nargs@entry=0x9, args=<optimized out>, 
    args@entry=0x2d43d44) at ./debian/build-src/src/bytecode.c:880
#21 0x000000000055e16c in funcall_lambda (fun=0x7fff238feca0, nargs=nargs@entry=0x9, arg_vector=0x2d43d44, arg_vector@entry=0x7fff238fea58) at ./debian/build-src/src/eval.c:2863
#22 0x000000000055be3b in Ffuncall (nargs=nargs@entry=0xa, args=0x7fff238fea50) at ./debian/build-src/src/eval.c:2760
#23 0x000000000055d570 in Fapply (nargs=0x2, args=0x7fff238febf0) at ./debian/build-src/src/eval.c:2327
#24 0x000000000055c063 in Ffuncall (nargs=0x3, args=args@entry=0x7fff238febe8) at ./debian/build-src/src/eval.c:2679
#25 0x0000000000590853 in exec_byte_code (bytestr=<optimized out>, vector=<optimized out>, maxdepth=<optimized out>, args_template=<optimized out>, nargs=nargs@entry=0x9, args=<optimized out>, 
    args@entry=0x2d3d564) at ./debian/build-src/src/bytecode.c:880
#26 0x000000000055e16c in funcall_lambda (fun=0x7fff238ff000, nargs=nargs@entry=0x9, arg_vector=0x2d3d564, arg_vector@entry=0x7fff238fedb8) at ./debian/build-src/src/eval.c:2863
#27 0x000000000055be3b in Ffuncall (nargs=nargs@entry=0xa, args=0x7fff238fedb0) at ./debian/build-src/src/eval.c:2760
#28 0x000000000055d570 in Fapply (nargs=0x2, args=0x7fff238fef50) at ./debian/build-src/src/eval.c:2327
#29 0x000000000055c063 in Ffuncall (nargs=0x3, args=args@entry=0x7fff238fef48) at ./debian/build-src/src/eval.c:2679
#30 0x0000000000590853 in exec_byte_code (bytestr=<optimized out>, vector=<optimized out>, maxdepth=<optimized out>, args_template=<optimized out>, nargs=nargs@entry=0x2, args=<optimized out>, 
    args@entry=0x2d3d564) at ./debian/build-src/src/bytecode.c:880
#31 0x000000000055e16c in funcall_lambda (fun=0x7fff238ffa00, fun@entry=0x3461395, nargs=nargs@entry=0x2, arg_vector=0x2d3d564, arg_vector@entry=0x7fff238ff070)
    at ./debian/build-src/src/eval.c:2863
#32 0x000000000055e573 in apply_lambda (fun=0x3461395, args=<optimized out>, count=count@entry=0x16) at ./debian/build-src/src/eval.c:2800
#33 0x000000000055db08 in eval_sub (form=<optimized out>) at ./debian/build-src/src/eval.c:2247
#34 0x000000000055f3ad in Fprogn (body=0x1db25813) at ./debian/build-src/src/eval.c:431
#35 0x000000000055f3ad in Flet (args=0x1db664b3) at ./debian/build-src/src/eval.c:952
#36 0x000000000055dce9 in eval_sub (form=<optimized out>) at ./debian/build-src/src/eval.c:2125
#37 0x000000000055e04d in Fprogn (body=0x1db66483) at ./debian/build-src/src/eval.c:431
#38 0x000000000055dce9 in eval_sub (form=<optimized out>) at ./debian/build-src/src/eval.c:2125
#39 0x000000000055e04d in Fprogn (body=0x1db66453) at ./debian/build-src/src/eval.c:431
#40 0x000000000055dce9 in eval_sub (form=<optimized out>) at ./debian/build-src/src/eval.c:2125
#41 0x000000000055f502 in Funwind_protect (args=0x1db66433) at ./debian/build-src/src/eval.c:1176
#42 0x000000000055dce9 in eval_sub (form=<optimized out>) at ./debian/build-src/src/eval.c:2125
#43 0x000000000055f135 in Fprogn (body=0x1db65f93) at ./debian/build-src/src/eval.c:431
#44 0x000000000055f135 in FletX (args=0x1db65f83) at ./debian/build-src/src/eval.c:888
---Type <return> to continue, or q <return> to quit---
#45 0x000000000055dce9 in eval_sub (form=<optimized out>) at ./debian/build-src/src/eval.c:2125
#46 0x000000000055e3cd in Fprogn (body=0x1db65f43) at ./debian/build-src/src/eval.c:431
#47 0x000000000055e3cd in funcall_lambda (fun=0x1db65e33, nargs=nargs@entry=0x0, arg_vector=arg_vector@entry=0x7fff238ff968) at ./debian/build-src/src/eval.c:2922
#48 0x000000000055be3b in Ffuncall (nargs=nargs@entry=0x1, args=args@entry=0x7fff238ff960) at ./debian/build-src/src/eval.c:2760
#49 0x000000000055d5fc in Fapply (nargs=0x2, args=0x7fff238ff960) at ./debian/build-src/src/eval.c:2280
#50 0x000000000055c063 in Ffuncall (nargs=0x3, args=args@entry=0x7fff238ff958) at ./debian/build-src/src/eval.c:2679
#51 0x0000000000590853 in exec_byte_code (bytestr=<optimized out>, vector=<optimized out>, maxdepth=<optimized out>, args_template=args_template@entry=0x0, nargs=nargs@entry=0x0, args=<optimized out>, args@entry=0x0) at ./debian/build-src/src/bytecode.c:880
#52 0x000000000055e2ed in funcall_lambda (fun=0x9a9f85, nargs=nargs@entry=0x1, arg_vector=arg_vector@entry=0x7fff238ffb88) at ./debian/build-src/src/eval.c:2929
#53 0x000000000055be3b in Ffuncall (nargs=nargs@entry=0x2, args=args@entry=0x7fff238ffb80) at ./debian/build-src/src/eval.c:2760
#54 0x000000000055c13a in call1 (fn=fn@entry=0xb130, arg1=arg1@entry=0x55e5695) at ./debian/build-src/src/eval.c:2558
#55 0x00000000004eee6f in timer_check_2 (idle_timers=<optimized out>, timers=<optimized out>) at ./debian/build-src/src/keyboard.c:4432
#56 0x00000000004eee6f in timer_check () at ./debian/build-src/src/keyboard.c:4494
#57 0x00000000004ef1b9 in readable_events (flags=flags@entry=0x1) at ./debian/build-src/src/keyboard.c:3333
#58 0x00000000004f0058 in get_input_pending (flags=flags@entry=0x1) at ./debian/build-src/src/keyboard.c:6730
#59 0x00000000004f2778 in detect_input_pending_run_timers (do_display=do_display@entry=0x1) at ./debian/build-src/src/keyboard.c:9867
#60 0x000000000059bca5 in wait_reading_process_output (time_limit=time_limit@entry=0x1e, nsecs=nsecs@entry=0x0, read_kbd=read_kbd@entry=0xffffffff, do_display=do_display@entry=0x1, wait_for_cell=wait_for_cell@entry=0x0, wait_proc=wait_proc@entry=0x0, just_wait_proc=0x0) at ./debian/build-src/src/process.c:4958
#61 0x000000000041f660 in sit_for (timeout=<optimized out>, reading=reading@entry=0x1, display_option=display_option@entry=0x1) at ./debian/build-src/src/dispnew.c:5762
#62 0x00000000004f4fa4 in read_char (commandflag=commandflag@entry=0x1, map=map@entry=0x6de3703, prev_event=0x0, used_mouse_menu=used_mouse_menu@entry=0x7fff2390089b, end_time=end_time@entry=0x0) at ./debian/build-src/src/keyboard.c:2719
#63 0x00000000004f5dd0 in read_key_sequence (keybuf=keybuf@entry=0x7fff23900990, prompt=prompt@entry=0x0, dont_downcase_last=dont_downcase_last@entry=0x0, can_return_switch_frame=can_return_switch_frame@entry=0x1, fix_current_buffer=fix_current_buffer@entry=0x1, prevent_redisplay=prevent_redisplay@entry=0x0, bufsize=0x1e) at ./debian/build-src/src/keyboard.c:9068
#64 0x00000000004f7854 in command_loop_1 () at ./debian/build-src/src/keyboard.c:1370
#65 0x000000000055b432 in internal_condition_case (bfun=bfun@entry=0x4f7630 <command_loop_1>, handlers=handlers@entry=0x4aa0, hfun=hfun@entry=0x4ee000 <cmd_error>)
    at ./debian/build-src/src/eval.c:1315
#66 0x00000000004e9314 in command_loop_2 (ignore=ignore@entry=0x0) at ./debian/build-src/src/keyboard.c:1112
#67 0x000000000055b3b1 in internal_catch (tag=tag@entry=0xb370, func=func@entry=0x4e92f0 <command_loop_2>, arg=arg@entry=0x0) at ./debian/build-src/src/eval.c:1080
#68 0x00000000004e92ab in command_loop () at ./debian/build-src/src/keyboard.c:1091
#69 0x00000000004edc17 in recursive_edit_1 () at ./debian/build-src/src/keyboard.c:697
#70 0x00000000004edf3a in Frecursive_edit () at ./debian/build-src/src/keyboard.c:768
#71 0x00000000004150a3 in main (argc=0x2, argv=0x7fff23900d18) at ./debian/build-src/src/emacs.c:1629
