(gdb) bt
#0  0x00007f4144888e97 in __GI_raise (sig=sig@entry=0x6) at ../sysdeps/unix/sysv/linux/raise.c:51
#1  0x00007f414488a801 in __GI_abort () at abort.c:79
#2  0x00007f41448d3897 in __libc_message (action=action@entry=(do_abort | do_backtrace), fmt=fmt@entry=0x7f4144a00988 "*** %s ***: %s terminated\n") at ../sysdeps/posix/libc_fatal.c:181
#3  0x00007f414497ecff in __GI___fortify_fail_abort (need_backtrace=need_backtrace@entry=0x1, msg=0x7f4144a0093d <longjmp_msg> "longjmp causes uninitialized stack frame") at fortify_fail.c:33
#4  0x00007f414497ed21 in __GI___fortify_fail (msg=<optimized out>) at fortify_fail.c:44
#5  0x00007f414497ebbd in ____longjmp_chk () at ../sysdeps/unix/sysv/linux/x86_64/____longjmp_chk.S:100
#6  0x00007f414497eb1b in __longjmp_chk (env=env@entry=0xb8c360 <getcjmp>, val=val@entry=0x1) at ../setjmp/longjmp.c:39
#7  0x00000000004eadc0 in quit_throw_to_read_char (from_signal=from_signal@entry=0x0) at ./debian/build-src/src/keyboard.c:10438
#8  0x00000000004eb4d6 in handle_interrupt (in_signal_handler=<optimized out>) at ./debian/build-src/src/keyboard.c:10413
#9  0x00000000004eff6d in kbd_buffer_store_event_hold (hold_quit=0x0, event=0x7fff238ff670) at ./debian/build-src/src/keyboard.h:475
#10 0x00000000004eff6d in kbd_buffer_store_event (event=0x7fff238ff670) at ./debian/build-src/src/keyboard.c:3432
#11 0x00000000004eff6d in gobble_input () at ./debian/build-src/src/keyboard.c:6861
#12 0x00000000004f0535 in handle_async_input () at ./debian/build-src/src/keyboard.c:7067
#13 0x00000000004f0535 in process_pending_signals () at ./debian/build-src/src/keyboard.c:7081
#14 0x00000000005d4039 in xg_select (fds_lim=<optimized out>, rfds=rfds@entry=0x7fff238fffa0, wfds=wfds@entry=0x7fff23900020, efds=efds@entry=0x0, timeout=timeout@entry=0x7fff238ffdd0, sigmask=sigmask@entry=0x0) at ./debian/build-src/src/xgselect.c:159
#15 0x000000000059b389 in wait_reading_process_output (time_limit=time_limit@entry=0x1e, nsecs=nsecs@entry=0x0, read_kbd=read_kbd@entry=0xffffffff, do_display=do_display@entry=0x1, wait_for_cell=wait_for_cell@entry=0x0, wait_proc=wait_proc@entry=0x0, just_wait_proc=0x0) at ./debian/build-src/src/process.c:4831
#16 0x000000000041f660 in sit_for (timeout=<optimized out>, reading=reading@entry=0x1, display_option=display_option@entry=0x1) at ./debian/build-src/src/dispnew.c:5762
#17 0x00000000004f4fa4 in read_char (commandflag=commandflag@entry=0x1, map=map@entry=0xe0d8c33, prev_event=0x0, used_mouse_menu=used_mouse_menu@entry=0x7fff2390089b, end_time=end_time@entry=0x0) at ./debian/build-src/src/keyboard.c:2719
#18 0x00000000004f5dd0 in read_key_sequence (keybuf=keybuf@entry=0x7fff23900990, prompt=prompt@entry=0x0, dont_downcase_last=dont_downcase_last@entry=0x0, can_return_switch_frame=can_return_switch_frame@entry=0x1, fix_current_buffer=fix_current_buffer@entry=0x1, prevent_redisplay=prevent_redisplay@entry=0x0, bufsize=0x1e) at ./debian/build-src/src/keyboard.c:9068
#19 0x00000000004f7854 in command_loop_1 () at ./debian/build-src/src/keyboard.c:1370
#20 0x000000000055b432 in internal_condition_case (bfun=bfun@entry=0x4f7630 <command_loop_1>, handlers=handlers@entry=0x4aa0, hfun=hfun@entry=0x4ee000 <cmd_error>)
    at ./debian/build-src/src/eval.c:1315
#21 0x00000000004e9314 in command_loop_2 (ignore=ignore@entry=0x0) at ./debian/build-src/src/keyboard.c:1112
#22 0x000000000055b3b1 in internal_catch (tag=tag@entry=0xb370, func=func@entry=0x4e92f0 <command_loop_2>, arg=arg@entry=0x0) at ./debian/build-src/src/eval.c:1080
#23 0x00000000004e92ab in command_loop () at ./debian/build-src/src/keyboard.c:1091
#24 0x00000000004edc17 in recursive_edit_1 () at ./debian/build-src/src/keyboard.c:697
#25 0x00000000004edf3a in Frecursive_edit () at ./debian/build-src/src/keyboard.c:768
#26 0x00000000004150a3 in main (argc=0x2, argv=0x7fff23900d18) at ./debian/build-src/src/emacs.c:1629
(gdb) 
