(gdb) bt
#0  0x00007f1523ff91f6 in pthread_sigmask (how=how@entry=0x2, newmask=<optimized out>, oldmask=oldmask@entry=0x0)
    at ../sysdeps/unix/sysv/linux/pthread_sigmask.c:50
#1  0x00000000004eb1a0 in handle_interrupt (in_signal_handler=<optimized out>) at ./debian/build-src/src/keyboard.c:10402
#2  0x00000000004eff6d in kbd_buffer_store_event_hold (hold_quit=0x0, event=0x7fff5a5ce4e0) at ./debian/build-src/src/keyboard.h:475
#3  0x00000000004eff6d in kbd_buffer_store_event (event=0x7fff5a5ce4e0) at ./debian/build-src/src/keyboard.c:3432
#4  0x00000000004eff6d in gobble_input () at ./debian/build-src/src/keyboard.c:6861
#5  0x00000000004f0535 in handle_async_input () at ./debian/build-src/src/keyboard.c:7067
#6  0x00000000004f0535 in process_pending_signals () at ./debian/build-src/src/keyboard.c:7081
#7  0x00000000005433fa in Fmake_list (length=length@entry=0x2e, init=init@entry=0x0) at ./debian/build-src/src/alloc.c:2884
#8  0x0000000000564cec in concat (nargs=nargs@entry=0x1, args=args@entry=0x7fff5a5ce678, target_type=Lisp_Cons, last_special=last_special@entry=0x0) at ./debian/build-src/src/fns.c:633
#9  0x0000000000564f2c in Fcopy_sequence (arg=<optimized out>) at ./debian/build-src/src/fns.c:501
#10 0x00000000004eec72 in timer_check () at ./debian/build-src/src/keyboard.c:4483
#11 0x00000000004ef1b9 in readable_events (flags=flags@entry=0x1) at ./debian/build-src/src/keyboard.c:3333
#12 0x00000000004f0058 in get_input_pending (flags=flags@entry=0x1) at ./debian/build-src/src/keyboard.c:6730
#13 0x00000000004f2778 in detect_input_pending_run_timers (do_display=do_display@entry=0x1) at ./debian/build-src/src/keyboard.c:9867
#14 0x000000000059bca5 in wait_reading_process_output (time_limit=time_limit@entry=0x0, nsecs=nsecs@entry=0x0, read_kbd=read_kbd@entry=0xffffffff, do_display=0x1, wait_for_cell=wait_for_cell@entry=0x0, wait_proc=wait_proc@entry=0x0, just_wait_proc=0x0)
    at ./debian/build-src/src/process.c:4958
#15 0x00000000004f36ed in kbd_buffer_get_event (end_time=0x0, used_mouse_menu=0x7fff5a5cf35b, kbp=<synthetic pointer>)
    at ./debian/build-src/src/keyboard.c:3824
#16 0x00000000004f36ed in read_event_from_main_queue (used_mouse_menu=<optimized out>, local_getcjmp=<optimized out>, end_time=<optimized out>) at ./debian/build-src/src/keyboard.c:2153
#17 0x00000000004f36ed in read_decoded_event_from_main_queue (used_mouse_menu=<optimized out>, prev_event=<optimized out>, local_getcjmp=<optimized out>, end_time=<optimized out>) at ./debian/build-src/src/keyboard.c:2216
#18 0x00000000004f36ed in read_char (commandflag=commandflag@entry=0x1, map=map@entry=0x8e60953, prev_event=0x0, used_mouse_menu=used_mouse_menu@entry=0x7fff5a5cf35b, end_time=end_time@entry=0x0) at ./debian/build-src/src/keyboard.c:2804
#19 0x00000000004f5dd0 in read_key_sequence (keybuf=keybuf@entry=0x7fff5a5cf450, prompt=prompt@entry=0x0, dont_downcase_last=dont_downcase_last@entry=0x0, can_return_switch_frame=can_return_switch_frame@entry=0x1, fix_current_buffer=fix_current_buffer@entry=0x1, prevent_redisplay=prevent_redisplay@entry=0x0, bufsize=0x1e) at ./debian/build-src/src/keyboard.c:9068
#20 0x00000000004f7854 in command_loop_1 () at ./debian/build-src/src/keyboard.c:1370
#21 0x000000000055b432 in internal_condition_case (bfun=bfun@entry=0x4f7630 <command_loop_1>, handlers=handlers@entry=0x4aa0, hfun=hfun@entry=0x4ee000 <cmd_error>) at ./debian/build-src/src/eval.c:1315
#22 0x00000000004e9314 in command_loop_2 (ignore=ignore@entry=0x0) at ./debian/build-src/src/keyboard.c:1112
#23 0x000000000055b3b1 in internal_catch (tag=tag@entry=0x4d70, func=func@entry=0x4e92f0 <command_loop_2>, arg=arg@entry=0x0)
    at ./debian/build-src/src/eval.c:1080
#24 0x00000000004e9265 in command_loop () at ./debian/build-src/src/keyboard.c:1083
#25 0x00000000004edc17 in recursive_edit_1 () at ./debian/build-src/src/keyboard.c:697
#26 0x00000000005166d1 in read_minibuf (map=map@entry=0x23b68f3, initial=<optimized out>, initial@entry=0x0, prompt=<optimized out>, 
    prompt@entry=0x5398ae4, expflag=<optimized out>, histvar=<optimized out>, histpos=<optimized out>, defalt=<optimized out>, allow_props=<optimized out>, inherit_input_method=<optimized out>) at ./debian/build-src/src/minibuf.c:660
#27 0x0000000000516e88 in Fread_from_minibuffer (prompt=0x5398ae4, initial_contents=0x0, keymap=0x23b68f3, read=0x0, hist=<optimized out>, default_value=0x0, inherit_input_method=0xae00) at ./debian/build-src/src/minibuf.c:940
#28 0x000000000055bff9 in Ffuncall (nargs=0x8, args=args@entry=0x7fff5a5cf878) at ./debian/build-src/src/eval.c:2732
#29 0x0000000000590853 in exec_byte_code (bytestr=<optimized out>, vector=<optimized out>, maxdepth=<optimized out>, args_template=<optimized out>, nargs=nargs@entry=0x7, args=<optimized out>, args@entry=0x1d67304) at ./debian/build-src/src/bytecode.c:880
#30 0x000000000055e16c in funcall_lambda (fun=0x7fff5a5cfb60, nargs=nargs@entry=0x7, arg_vector=0x1d67304, 
    arg_vector@entry=0x7fff5a5cfa98) at ./debian/build-src/src/eval.c:2863
#31 0x000000000055be3b in Ffuncall (nargs=0x8, args=args@entry=0x7fff5a5cfa90) at ./debian/build-src/src/eval.c:2760
#32 0x0000000000590853 in exec_byte_code (bytestr=<optimized out>, vector=<optimized out>, maxdepth=<optimized out>, args_template=<optimized out>, nargs=nargs@entry=0x9, args=<optimized out>, args@entry=0x1d21d44) at ./debian/build-src/src/bytecode.c:880
#33 0x000000000055e16c in funcall_lambda (fun=0x7fff5a5cfec0, nargs=nargs@entry=0x9, arg_vector=0x1d21d44, 
    arg_vector@entry=0x7fff5a5cfc78) at ./debian/build-src/src/eval.c:2863
#34 0x000000000055be3b in Ffuncall (nargs=nargs@entry=0xa, args=0x7fff5a5cfc70) at ./debian/build-src/src/eval.c:2760
#35 0x000000000055d570 in Fapply (nargs=0x2, args=0x7fff5a5cfe10) at ./debian/build-src/src/eval.c:2327
#36 0x000000000055c063 in Ffuncall (nargs=0x3, args=args@entry=0x7fff5a5cfe08) at ./debian/build-src/src/eval.c:2679
#37 0x0000000000590853 in exec_byte_code (bytestr=<optimized out>, vector=<optimized out>, maxdepth=<optimized out>, args_template=<optimized out>, nargs=nargs@entry=0x9, args=<optimized out>, args@entry=0x1d1b564) at ./debian/build-src/src/bytecode.c:880
#38 0x000000000055e16c in funcall_lambda (fun=0x7fff5a5d0220, nargs=nargs@entry=0x9, arg_vector=0x1d1b564, 
    arg_vector@entry=0x7fff5a5cffd8) at ./debian/build-src/src/eval.c:2863
#39 0x000000000055be3b in Ffuncall (nargs=nargs@entry=0xa, args=0x7fff5a5cffd0) at ./debian/build-src/src/eval.c:2760
#40 0x000000000055d570 in Fapply (nargs=0x2, args=0x7fff5a5d0170) at ./debian/build-src/src/eval.c:2327
#41 0x000000000055c063 in Ffuncall (nargs=0x3, args=args@entry=0x7fff5a5d0168) at ./debian/build-src/src/eval.c:2679
#42 0x0000000000590853 in exec_byte_code (bytestr=<optimized out>, vector=<optimized out>, maxdepth=<optimized out>, args_template=<optimized out>, nargs=nargs@entry=0x2, args=<optimized out>, args@entry=0x1d1b564) at ./debian/build-src/src/bytecode.c:880
#43 0x000000000055e16c in funcall_lambda (fun=0x7fff5a5d0bd0, fun@entry=0x243f395, nargs=nargs@entry=0x2, arg_vector=0x1d1b564, 
    arg_vector@entry=0x7fff5a5d0290) at ./debian/build-src/src/eval.c:2863
#44 0x000000000055e573 in apply_lambda (fun=0x243f395, args=<optimized out>, count=count@entry=0x15)
    at ./debian/build-src/src/eval.c:2800
#45 0x000000000055db08 in eval_sub (form=<optimized out>) at ./debian/build-src/src/eval.c:2247
#46 0x000000000055f135 in Fprogn (body=0x8318af3) at ./debian/build-src/src/eval.c:431
#47 0x000000000055f135 in FletX (args=0x8317f63) at ./debian/build-src/src/eval.c:888
#48 0x000000000055dce9 in eval_sub (form=<optimized out>) at ./debian/build-src/src/eval.c:2125
#49 0x000000000055e04d in Fprogn (body=0x8317f93) at ./debian/build-src/src/eval.c:431
#50 0x000000000055dce9 in eval_sub (form=<optimized out>) at ./debian/build-src/src/eval.c:2125
#51 0x000000000055e04d in Fprogn (body=0x8317fc3) at ./debian/build-src/src/eval.c:431
#52 0x000000000055dce9 in eval_sub (form=<optimized out>) at ./debian/build-src/src/eval.c:2125
#53 0x000000000055f502 in Funwind_protect (args=0x8317803) at ./debian/build-src/src/eval.c:1176
#54 0x000000000055dce9 in eval_sub (form=<optimized out>) at ./debian/build-src/src/eval.c:2125
#55 0x000000000055f135 in Fprogn (body=0x8317843) at ./debian/build-src/src/eval.c:431
#56 0x000000000055f135 in FletX (args=0x8317853) at ./debian/build-src/src/eval.c:888
#57 0x000000000055dce9 in eval_sub (form=<optimized out>) at ./debian/build-src/src/eval.c:2125
#58 0x000000000055e3cd in Fprogn (body=0x8317893) at ./debian/build-src/src/eval.c:431
#59 0x000000000055e3cd in funcall_lambda (fun=0x8317983, nargs=nargs@entry=0x0, arg_vector=arg_vector@entry=0x7fff5a5d0b38)
    at ./debian/build-src/src/eval.c:2922
#60 0x000000000055be3b in Ffuncall (nargs=nargs@entry=0x1, args=args@entry=0x7fff5a5d0b30) at ./debian/build-src/src/eval.c:2760
---Type <return> to continue, or q <return> to quit---
#61 0x000000000055d5fc in Fapply (nargs=0x2, args=0x7fff5a5d0b30) at ./debian/build-src/src/eval.c:2280
#62 0x000000000055c063 in Ffuncall (nargs=0x3, args=args@entry=0x7fff5a5d0b28) at ./debian/build-src/src/eval.c:2679
#63 0x0000000000590853 in exec_byte_code (bytestr=<optimized out>, vector=<optimized out>, maxdepth=<optimized out>, args_template=args_template@entry=0x0, nargs=nargs@entry=0x0, args=<optimized out>, args@entry=0x0) at ./debian/build-src/src/bytecode.c:880
#64 0x000000000055e2ed in funcall_lambda (fun=0x9a9f85, nargs=nargs@entry=0x1, arg_vector=arg_vector@entry=0x7fff5a5d0d58)
    at ./debian/build-src/src/eval.c:2929
#65 0x000000000055be3b in Ffuncall (nargs=nargs@entry=0x2, args=args@entry=0x7fff5a5d0d50) at ./debian/build-src/src/eval.c:2760
#66 0x000000000055c13a in call1 (fn=fn@entry=0xb130, arg1=arg1@entry=0x1173aa7d) at ./debian/build-src/src/eval.c:2558
#67 0x00000000004eee6f in timer_check_2 (idle_timers=<optimized out>, timers=<optimized out>) at ./debian/build-src/src/keyboard.c:4432
#68 0x00000000004eee6f in timer_check () at ./debian/build-src/src/keyboard.c:4494
#69 0x00000000004ef1b9 in readable_events (flags=flags@entry=0x1) at ./debian/build-src/src/keyboard.c:3333
#70 0x00000000004f0058 in get_input_pending (flags=flags@entry=0x1) at ./debian/build-src/src/keyboard.c:6730
#71 0x00000000004f2778 in detect_input_pending_run_timers (do_display=do_display@entry=0x0) at ./debian/build-src/src/keyboard.c:9867
#72 0x00000000004f2f96 in read_char (commandflag=commandflag@entry=0x1, map=map@entry=0xa470ab3, prev_event=0x0, used_mouse_menu=used_mouse_menu@entry=0x7fff5a5d150b, end_time=end_time@entry=0x0) at ./debian/build-src/src/keyboard.c:2471
#73 0x00000000004f5dd0 in read_key_sequence (keybuf=keybuf@entry=0x7fff5a5d1600, prompt=prompt@entry=0x0, dont_downcase_last=dont_downcase_last@entry=0x0, can_return_switch_frame=can_return_switch_frame@entry=0x1, fix_current_buffer=fix_current_buffer@entry=0x1, prevent_redisplay=prevent_redisplay@entry=0x0, bufsize=0x1e) at ./debian/build-src/src/keyboard.c:9068
#74 0x00000000004f7854 in command_loop_1 () at ./debian/build-src/src/keyboard.c:1370
#75 0x000000000055b432 in internal_condition_case (bfun=bfun@entry=0x4f7630 <command_loop_1>, handlers=handlers@entry=0x4aa0, hfun=hfun@entry=0x4ee000 <cmd_error>) at ./debian/build-src/src/eval.c:1315
#76 0x00000000004e9314 in command_loop_2 (ignore=ignore@entry=0x0) at ./debian/build-src/src/keyboard.c:1112
#77 0x000000000055b3b1 in internal_catch (tag=tag@entry=0xb370, func=func@entry=0x4e92f0 <command_loop_2>, arg=arg@entry=0x0)
    at ./debian/build-src/src/eval.c:1080
#78 0x00000000004e92ab in command_loop () at ./debian/build-src/src/keyboard.c:1091
#79 0x00000000004edc17 in recursive_edit_1 () at ./debian/build-src/src/keyboard.c:697
#80 0x00000000004edf3a in Frecursive_edit () at ./debian/build-src/src/keyboard.c:768
#81 0x00000000004150a3 in main (argc=0x2, argv=0x7fff5a5d1988) at ./debian/build-src/src/emacs.c:1629

